[Mon, 09 Apr 18 13:12:30 +0700][ERROR] [5]: Action 'vendor' was not found on handler 'add'

[Mon, 09 Apr 18 13:12:30 +0700][ERROR] [5]: Action 'js' was not found on handler 'add'

[Mon, 09 Apr 18 13:12:30 +0700][ERROR] [5]: Action 'vendor' was not found on handler 'add'

[Mon, 09 Apr 18 13:12:30 +0700][ERROR] [5]: Action 'js' was not found on handler 'add'

[Mon, 09 Apr 18 13:17:19 +0700][ERROR] [5]: Action 'vendor' was not found on handler 'event'

[Mon, 09 Apr 18 13:17:19 +0700][ERROR] [5]: Action 'vendor' was not found on handler 'event'

[Mon, 09 Apr 18 13:17:54 +0700][ERROR] [5]: Action 'js' was not found on handler 'event'

[Mon, 09 Apr 18 13:17:54 +0700][ERROR] [5]: Action 'js' was not found on handler 'event'

[Mon, 09 Apr 18 13:18:35 +0700][ERROR] [5]: Action 'vendor' was not found on handler 'event'

[Mon, 09 Apr 18 13:18:35 +0700][ERROR] [5]: Action 'vendor' was not found on handler 'event'

[Mon, 09 Apr 18 13:18:38 +0700][ERROR] [5]: Action 'vendor' was not found on handler 'event'

[Mon, 09 Apr 18 13:18:39 +0700][ERROR] [5]: Action 'vendor' was not found on handler 'event'

[Mon, 09 Apr 18 13:18:48 +0700][ERROR] [5]: Action 'vendor' was not found on handler 'event'

[Mon, 09 Apr 18 13:18:48 +0700][ERROR] [5]: Action 'vendor' was not found on handler 'event'

[Mon, 09 Apr 18 13:19:03 +0700][ERROR] [5]: Action 'vendor' was not found on handler 'event'

[Mon, 09 Apr 18 13:19:03 +0700][ERROR] [5]: Action 'vendor' was not found on handler 'event'

[Mon, 09 Apr 18 13:20:27 +0700][ERROR] [5]: Action 'vendor' was not found on handler 'event'

[Mon, 09 Apr 18 13:20:27 +0700][ERROR] [5]: Action 'vendor' was not found on handler 'event'

[Mon, 09 Apr 18 13:20:45 +0700][ERROR] [5]: Action 'vendor' was not found on handler 'event'

[Mon, 09 Apr 18 13:20:45 +0700][ERROR] [5]: Action 'vendor' was not found on handler 'event'

[Mon, 09 Apr 18 13:20:48 +0700][ERROR] [5]: Action 'vendor' was not found on handler 'event'

[Mon, 09 Apr 18 13:20:48 +0700][ERROR] [5]: Action 'vendor' was not found on handler 'event'

[Mon, 09 Apr 18 13:22:23 +0700][ERROR] [5]: Action 'vendor' was not found on handler 'event'

[Mon, 09 Apr 18 13:22:23 +0700][ERROR] [5]: Action 'vendor' was not found on handler 'event'

[Mon, 09 Apr 18 13:22:35 +0700][ERROR] [5]: Action 'vendor' was not found on handler 'event'

[Mon, 09 Apr 18 13:22:35 +0700][ERROR] [5]: Action 'vendor' was not found on handler 'event'

[Mon, 09 Apr 18 13:22:35 +0700][ERROR] [5]: Action 'vendor' was not found on handler 'event'

[Mon, 09 Apr 18 13:22:35 +0700][ERROR] [5]: Action 'vendor' was not found on handler 'event'

[Mon, 09 Apr 18 13:22:37 +0700][ERROR] [5]: Action 'event' was not found on handler 'event'

[Mon, 09 Apr 18 13:22:37 +0700][ERROR] [5]: Action 'vendor' was not found on handler 'event'

[Mon, 09 Apr 18 13:22:37 +0700][ERROR] [5]: Action 'vendor' was not found on handler 'event'

[Mon, 09 Apr 18 13:22:43 +0700][ERROR] [5]: Action 'vendor' was not found on handler 'event'

[Mon, 09 Apr 18 13:22:43 +0700][ERROR] [5]: Action 'vendor' was not found on handler 'event'

[Mon, 09 Apr 18 13:23:52 +0700][ERROR] [5]: Action 'vendor' was not found on handler 'event'

[Mon, 09 Apr 18 13:23:52 +0700][ERROR] [5]: Action 'vendor' was not found on handler 'event'

[Mon, 09 Apr 18 13:24:19 +0700][ERROR] [5]: Action 'vendor' was not found on handler 'event'

[Mon, 09 Apr 18 13:24:19 +0700][ERROR] [5]: Action 'vendor' was not found on handler 'event'

[Mon, 09 Apr 18 13:24:22 +0700][ERROR] [5]: Action 'vendor' was not found on handler 'event'

[Mon, 09 Apr 18 13:24:22 +0700][ERROR] [5]: Action 'vendor' was not found on handler 'event'

[Mon, 09 Apr 18 13:29:05 +0700][ERROR] [5]: Action 'vendor' was not found on handler 'event'

[Mon, 09 Apr 18 13:29:06 +0700][ERROR] [5]: Action 'vendor' was not found on handler 'event'

[Mon, 09 Apr 18 13:29:17 +0700][ERROR] [5]: Action 'vendor' was not found on handler 'event'

[Mon, 09 Apr 18 13:29:17 +0700][ERROR] [5]: Action 'vendor' was not found on handler 'event'

[Mon, 09 Apr 18 13:29:30 +0700][ERROR] [5]: Action 'vendor' was not found on handler 'event'

[Mon, 09 Apr 18 13:29:30 +0700][ERROR] [5]: Action 'vendor' was not found on handler 'event'

[Mon, 09 Apr 18 13:33:22 +0700][ERROR] [5]: Action 'vendor' was not found on handler 'event'

[Mon, 09 Apr 18 13:33:22 +0700][ERROR] [5]: Action 'js' was not found on handler 'event'

[Mon, 09 Apr 18 13:33:22 +0700][ERROR] [5]: Action 'vendor' was not found on handler 'event'

[Mon, 09 Apr 18 13:33:22 +0700][ERROR] [5]: Action 'js' was not found on handler 'event'

[Mon, 09 Apr 18 13:33:30 +0700][ERROR] [5]: Action 'vendor' was not found on handler 'event'

[Mon, 09 Apr 18 13:33:30 +0700][ERROR] [5]: Action 'vendor' was not found on handler 'event'

[Mon, 09 Apr 18 13:33:31 +0700][ERROR] [5]: Action 'vendor' was not found on handler 'event'

[Mon, 09 Apr 18 13:33:31 +0700][ERROR] [5]: Action 'vendor' was not found on handler 'event'

[Mon, 09 Apr 18 13:38:44 +0700][ERROR] [5]: Action 'vendor' was not found on handler 'event'

[Mon, 09 Apr 18 13:38:44 +0700][ERROR] [5]: Action 'js' was not found on handler 'event'

[Mon, 09 Apr 18 13:38:44 +0700][ERROR] [5]: Action 'vendor' was not found on handler 'event'

[Mon, 09 Apr 18 13:38:44 +0700][ERROR] [5]: Action 'js' was not found on handler 'event'

[Mon, 09 Apr 18 13:38:53 +0700][ERROR] [5]: Action 'vendor' was not found on handler 'event'

[Mon, 09 Apr 18 13:38:53 +0700][ERROR] [5]: Action 'js' was not found on handler 'event'

[Mon, 09 Apr 18 13:38:53 +0700][ERROR] [5]: Action 'vendor' was not found on handler 'event'

[Mon, 09 Apr 18 13:38:53 +0700][ERROR] [5]: Action 'js' was not found on handler 'event'

[Mon, 09 Apr 18 13:38:56 +0700][ERROR] [5]: Action 'event' was not found on handler 'event'

[Mon, 09 Apr 18 13:38:56 +0700][ERROR] [5]: Action 'vendor' was not found on handler 'event'

[Mon, 09 Apr 18 13:38:56 +0700][ERROR] [5]: Action 'vendor' was not found on handler 'event'

[Mon, 09 Apr 18 13:38:59 +0700][ERROR] [5]: Action 'vendor' was not found on handler 'event'

[Mon, 09 Apr 18 13:38:59 +0700][ERROR] [5]: Action 'vendor' was not found on handler 'event'

[Mon, 09 Apr 18 14:24:04 +0700][ERROR] [5]: Action 'vendor' was not found on handler 'event'

[Mon, 09 Apr 18 14:24:04 +0700][ERROR] [5]: Action 'js' was not found on handler 'event'

[Mon, 09 Apr 18 14:24:04 +0700][ERROR] [5]: Action 'vendor' was not found on handler 'event'

[Mon, 09 Apr 18 14:24:04 +0700][ERROR] [5]: Action 'js' was not found on handler 'event'

[Mon, 09 Apr 18 14:24:11 +0700][ERROR] [5]: Action 'vendor' was not found on handler 'event'

[Mon, 09 Apr 18 14:24:11 +0700][ERROR] [5]: Action 'vendor' was not found on handler 'event'

[Mon, 09 Apr 18 14:24:11 +0700][ERROR] [5]: Action 'vendor' was not found on handler 'event'

[Mon, 09 Apr 18 14:24:11 +0700][ERROR] [5]: Action 'vendor' was not found on handler 'event'

[Mon, 09 Apr 18 14:30:08 +0700][ERROR] [5]: Action 'vendor' was not found on handler 'event'

[Mon, 09 Apr 18 14:30:08 +0700][ERROR] [5]: Action 'vendor' was not found on handler 'event'

[Mon, 09 Apr 18 14:30:20 +0700][ERROR] [5]: Action 'vendor' was not found on handler 'event'

[Mon, 09 Apr 18 14:30:22 +0700][ERROR] [5]: Action 'event' was not found on handler 'event'

[Mon, 09 Apr 18 14:30:22 +0700][ERROR] [5]: Action 'vendor' was not found on handler 'event'

[Mon, 09 Apr 18 14:30:22 +0700][ERROR] [5]: Action 'vendor' was not found on handler 'event'

[Mon, 09 Apr 18 14:30:26 +0700][ERROR] [5]: Action 'vendor' was not found on handler 'event'

[Mon, 09 Apr 18 14:30:26 +0700][ERROR] [5]: Action 'vendor' was not found on handler 'event'

[Mon, 09 Apr 18 14:30:35 +0700][ERROR] [5]: Action 'vendor' was not found on handler 'event'

[Mon, 09 Apr 18 14:30:35 +0700][ERROR] [5]: Action 'vendor' was not found on handler 'event'

